{"/Users/mikhailmanov/Documents/backend-project-lvl2/gendiff.js": {"path":"/Users/mikhailmanov/Documents/backend-project-lvl2/gendiff.js","statementMap":{"0":{"start":{"line":1,"column":0},"end":{"line":1,"column":19}},"1":{"start":{"line":2,"column":0},"end":{"line":2,"column":24}},"2":{"start":{"line":3,"column":0},"end":{"line":3,"column":20}},"3":{"start":{"line":4,"column":0},"end":{"line":4,"column":0}},"4":{"start":{"line":5,"column":0},"end":{"line":5,"column":41}},"5":{"start":{"line":6,"column":0},"end":{"line":6,"column":32}},"6":{"start":{"line":7,"column":0},"end":{"line":7,"column":25}},"7":{"start":{"line":8,"column":0},"end":{"line":8,"column":29}},"8":{"start":{"line":9,"column":0},"end":{"line":9,"column":30}},"9":{"start":{"line":10,"column":0},"end":{"line":10,"column":5}},"10":{"start":{"line":11,"column":0},"end":{"line":11,"column":71}},"11":{"start":{"line":12,"column":0},"end":{"line":12,"column":4}},"12":{"start":{"line":13,"column":0},"end":{"line":13,"column":25}},"13":{"start":{"line":14,"column":0},"end":{"line":14,"column":2}},"14":{"start":{"line":15,"column":0},"end":{"line":15,"column":0}},"15":{"start":{"line":16,"column":0},"end":{"line":16,"column":45}},"16":{"start":{"line":17,"column":0},"end":{"line":17,"column":20}},"17":{"start":{"line":18,"column":0},"end":{"line":18,"column":31}},"18":{"start":{"line":19,"column":0},"end":{"line":19,"column":35}},"19":{"start":{"line":20,"column":0},"end":{"line":20,"column":61}},"20":{"start":{"line":21,"column":0},"end":{"line":21,"column":48}},"21":{"start":{"line":22,"column":0},"end":{"line":22,"column":7}},"22":{"start":{"line":23,"column":0},"end":{"line":23,"column":61}},"23":{"start":{"line":24,"column":0},"end":{"line":24,"column":53}},"24":{"start":{"line":25,"column":0},"end":{"line":25,"column":50}},"25":{"start":{"line":26,"column":0},"end":{"line":26,"column":7}},"26":{"start":{"line":27,"column":0},"end":{"line":27,"column":116}},"27":{"start":{"line":28,"column":0},"end":{"line":28,"column":50}},"28":{"start":{"line":29,"column":0},"end":{"line":29,"column":7}},"29":{"start":{"line":30,"column":0},"end":{"line":30,"column":119}},"30":{"start":{"line":31,"column":0},"end":{"line":31,"column":53}},"31":{"start":{"line":32,"column":0},"end":{"line":32,"column":7}},"32":{"start":{"line":33,"column":0},"end":{"line":33,"column":5}},"33":{"start":{"line":34,"column":0},"end":{"line":34,"column":3}},"34":{"start":{"line":35,"column":0},"end":{"line":35,"column":39}},"35":{"start":{"line":36,"column":0},"end":{"line":36,"column":2}},"36":{"start":{"line":37,"column":0},"end":{"line":37,"column":0}},"37":{"start":{"line":38,"column":0},"end":{"line":38,"column":0}},"38":{"start":{"line":39,"column":0},"end":{"line":39,"column":56}},"39":{"start":{"line":40,"column":0},"end":{"line":40,"column":43}},"40":{"start":{"line":41,"column":0},"end":{"line":41,"column":44}},"41":{"start":{"line":42,"column":0},"end":{"line":42,"column":35}},"42":{"start":{"line":43,"column":0},"end":{"line":43,"column":36}},"43":{"start":{"line":44,"column":0},"end":{"line":44,"column":65}},"44":{"start":{"line":45,"column":0},"end":{"line":45,"column":67}},"45":{"start":{"line":46,"column":0},"end":{"line":46,"column":47}},"46":{"start":{"line":47,"column":0},"end":{"line":47,"column":49}},"47":{"start":{"line":48,"column":0},"end":{"line":48,"column":43}},"48":{"start":{"line":49,"column":0},"end":{"line":49,"column":2}},"49":{"start":{"line":50,"column":0},"end":{"line":50,"column":0}},"50":{"start":{"line":51,"column":0},"end":{"line":51,"column":23}}},"s":{"0":1,"1":1,"2":1,"3":1,"4":1,"5":1,"6":7,"7":7,"8":1,"9":1,"10":6,"11":1,"12":1,"13":1,"14":1,"15":1,"16":1,"17":1,"18":4,"19":12,"20":1,"21":1,"22":12,"23":1,"24":1,"25":1,"26":12,"27":2,"28":2,"29":12,"30":1,"31":1,"32":12,"33":4,"34":1,"35":1,"36":1,"37":1,"38":1,"39":1,"40":1,"41":1,"42":1,"43":1,"44":1,"45":1,"46":1,"47":1,"48":1,"49":1,"50":1},"branchMap":{"0":{"type":"branch","line":1,"loc":{"start":{"line":1,"column":19},"end":{"line":51,"column":23}},"locations":[{"start":{"line":1,"column":19},"end":{"line":51,"column":23}}]},"1":{"type":"branch","line":5,"loc":{"start":{"line":5,"column":30},"end":{"line":14,"column":1}},"locations":[{"start":{"line":5,"column":30},"end":{"line":14,"column":1}}]},"2":{"type":"branch","line":6,"loc":{"start":{"line":6,"column":15},"end":{"line":12,"column":3}},"locations":[{"start":{"line":6,"column":15},"end":{"line":12,"column":3}}]},"3":{"type":"branch","line":8,"loc":{"start":{"line":8,"column":28},"end":{"line":10,"column":5}},"locations":[{"start":{"line":8,"column":28},"end":{"line":10,"column":5}}]},"4":{"type":"branch","line":10,"loc":{"start":{"line":10,"column":5},"end":{"line":12,"column":2}},"locations":[{"start":{"line":10,"column":5},"end":{"line":12,"column":2}}]},"5":{"type":"branch","line":16,"loc":{"start":{"line":16,"column":19},"end":{"line":36,"column":1}},"locations":[{"start":{"line":16,"column":19},"end":{"line":36,"column":1}}]},"6":{"type":"branch","line":18,"loc":{"start":{"line":18,"column":30},"end":{"line":34,"column":3}},"locations":[{"start":{"line":18,"column":30},"end":{"line":34,"column":3}}]},"7":{"type":"branch","line":19,"loc":{"start":{"line":19,"column":34},"end":{"line":33,"column":5}},"locations":[{"start":{"line":19,"column":34},"end":{"line":33,"column":5}}]},"8":{"type":"branch","line":20,"loc":{"start":{"line":20,"column":23},"end":{"line":20,"column":58}},"locations":[{"start":{"line":20,"column":23},"end":{"line":20,"column":58}}]},"9":{"type":"branch","line":20,"loc":{"start":{"line":20,"column":60},"end":{"line":22,"column":7}},"locations":[{"start":{"line":20,"column":60},"end":{"line":22,"column":7}}]},"10":{"type":"branch","line":23,"loc":{"start":{"line":23,"column":23},"end":{"line":23,"column":58}},"locations":[{"start":{"line":23,"column":23},"end":{"line":23,"column":58}}]},"11":{"type":"branch","line":23,"loc":{"start":{"line":23,"column":60},"end":{"line":26,"column":7}},"locations":[{"start":{"line":23,"column":60},"end":{"line":26,"column":7}}]},"12":{"type":"branch","line":27,"loc":{"start":{"line":27,"column":64},"end":{"line":27,"column":113}},"locations":[{"start":{"line":27,"column":64},"end":{"line":27,"column":113}}]},"13":{"type":"branch","line":27,"loc":{"start":{"line":27,"column":115},"end":{"line":29,"column":7}},"locations":[{"start":{"line":27,"column":115},"end":{"line":29,"column":7}}]},"14":{"type":"branch","line":30,"loc":{"start":{"line":30,"column":64},"end":{"line":30,"column":116}},"locations":[{"start":{"line":30,"column":64},"end":{"line":30,"column":116}}]},"15":{"type":"branch","line":30,"loc":{"start":{"line":30,"column":118},"end":{"line":32,"column":7}},"locations":[{"start":{"line":30,"column":118},"end":{"line":32,"column":7}}]},"16":{"type":"branch","line":39,"loc":{"start":{"line":39,"column":16},"end":{"line":49,"column":1}},"locations":[{"start":{"line":39,"column":16},"end":{"line":49,"column":1}}]}},"b":{"0":[1],"1":[1],"2":[7],"3":[1],"4":[6],"5":[1],"6":[4],"7":[12],"8":[2],"9":[1],"10":[2],"11":[1],"12":[6],"13":[2],"14":[4],"15":[1],"16":[1]},"fnMap":{"0":{"name":"normalizesOutputInStr","decl":{"start":{"line":5,"column":30},"end":{"line":14,"column":1}},"loc":{"start":{"line":5,"column":30},"end":{"line":14,"column":1}},"line":5},"1":{"name":"iter","decl":{"start":{"line":6,"column":15},"end":{"line":12,"column":3}},"loc":{"start":{"line":6,"column":15},"end":{"line":12,"column":3}},"line":6},"2":{"name":"getDiffObj","decl":{"start":{"line":16,"column":19},"end":{"line":36,"column":1}},"loc":{"start":{"line":16,"column":19},"end":{"line":36,"column":1}},"line":16},"3":{"name":"genDiff","decl":{"start":{"line":39,"column":16},"end":{"line":49,"column":1}},"loc":{"start":{"line":39,"column":16},"end":{"line":49,"column":1}},"line":39}},"f":{"0":1,"1":7,"2":1,"3":1}}
,"/Users/mikhailmanov/Documents/backend-project-lvl2/fixtures/rightAnswer.js": {"path":"/Users/mikhailmanov/Documents/backend-project-lvl2/fixtures/rightAnswer.js","statementMap":{"0":{"start":{"line":1,"column":0},"end":{"line":1,"column":36}},"1":{"start":{"line":2,"column":0},"end":{"line":2,"column":31}},"2":{"start":{"line":3,"column":0},"end":{"line":3,"column":24}},"3":{"start":{"line":4,"column":0},"end":{"line":4,"column":0}},"4":{"start":{"line":5,"column":0},"end":{"line":5,"column":50}},"5":{"start":{"line":6,"column":0},"end":{"line":6,"column":38}},"6":{"start":{"line":7,"column":0},"end":{"line":7,"column":0}},"7":{"start":{"line":8,"column":0},"end":{"line":8,"column":61}},"8":{"start":{"line":9,"column":0},"end":{"line":9,"column":60}},"9":{"start":{"line":10,"column":0},"end":{"line":10,"column":0}},"10":{"start":{"line":11,"column":0},"end":{"line":11,"column":142}}},"s":{"0":1,"1":1,"2":1,"3":1,"4":1,"5":1,"6":1,"7":1,"8":1,"9":1,"10":1},"branchMap":{"0":{"type":"branch","line":1,"loc":{"start":{"line":1,"column":0},"end":{"line":11,"column":142}},"locations":[{"start":{"line":1,"column":0},"end":{"line":11,"column":142}}]}},"b":{"0":[1]},"fnMap":{},"f":{}}
}
