TN:
SF:gendiff.js
FN:5,normalizesOutputInStr
FN:6,iter
FN:16,getDiffObj
FN:39,genDiff
FNF:4
FNH:4
FNDA:1,normalizesOutputInStr
FNDA:7,iter
FNDA:1,getDiffObj
FNDA:1,genDiff
DA:1,1
DA:2,1
DA:3,1
DA:4,1
DA:5,1
DA:6,1
DA:7,7
DA:8,7
DA:9,1
DA:10,1
DA:11,6
DA:12,1
DA:13,1
DA:14,1
DA:15,1
DA:16,1
DA:17,1
DA:18,1
DA:19,4
DA:20,12
DA:21,1
DA:22,1
DA:23,12
DA:24,1
DA:25,1
DA:26,1
DA:27,12
DA:28,2
DA:29,2
DA:30,12
DA:31,1
DA:32,1
DA:33,12
DA:34,4
DA:35,1
DA:36,1
DA:37,1
DA:38,1
DA:39,1
DA:40,1
DA:41,1
DA:42,1
DA:43,1
DA:44,1
DA:45,1
DA:46,1
DA:47,1
DA:48,1
DA:49,1
DA:50,1
DA:51,1
LF:51
LH:51
BRDA:1,0,0,1
BRDA:5,1,0,1
BRDA:6,2,0,7
BRDA:8,3,0,1
BRDA:10,4,0,6
BRDA:16,5,0,1
BRDA:18,6,0,4
BRDA:19,7,0,12
BRDA:20,8,0,2
BRDA:20,9,0,1
BRDA:23,10,0,2
BRDA:23,11,0,1
BRDA:27,12,0,6
BRDA:27,13,0,2
BRDA:30,14,0,4
BRDA:30,15,0,1
BRDA:39,16,0,1
BRF:17
BRH:17
end_of_record
TN:
SF:fixtures/rightAnswer.js
FNF:0
FNH:0
DA:1,1
DA:2,1
DA:3,1
DA:4,1
DA:5,1
DA:6,1
DA:7,1
DA:8,1
DA:9,1
DA:10,1
DA:11,1
LF:11
LH:11
BRDA:1,0,0,1
BRF:1
BRH:1
end_of_record
